<?xml version="1.0" encoding="UTF-8"?>
<!-- Generated by org.testng.reporters.JUnitReportReporter -->
<testsuite skipped="0" name="com.testng.AppTest" tests="1" failures="0" timestamp="2021-08-27T12:33:54 IST" time="0.012" errors="0">
  <testcase name="shouldAnswerWithTrue" time="0.012" classname="com.testng.AppTest"/>
  <system-out/>
</testsuite> <!-- com.testng.AppTest -->
